<?xml version="1.0" encoding="UTF-8" ?>
<testsuite errors="1" failures="0" hostname="www.freevoip.od.ua" name="searchtools.NewEmptyJUnitTest" skipped="0" tests="1" time="0.321" timestamp="2015-06-06T16:16:24">
  <properties>
[...]
</properties>
  <testcase classname="searchtools.NewEmptyJUnitTest" name="initializationError" time="0.047">
    <error message="No runnable methods" type="java.lang.Exception">java.lang.Exception: No runnable methods
	at java.lang.reflect.Constructor.newInstance(Constructor.java:408)
</error>
  </testcase>
  <system-out><![CDATA[]]></system-out>
  <system-err><![CDATA[]]></system-err>
</testsuite>
